<?xml version="1.0" encoding="UTF-8"?>
<!-- Generated by org.testng.reporters.JUnitReportReporter -->
<testsuite hostname="LAPTOP-0OIRHLOO" name="assignment.test.iPhonePrice" tests="1" failures="0" timestamp="27 Jan 2020 17:37:08 GMT" time="34.337" errors="0">
  <testcase name="checkPriceAmazon" time="34.337" classname="assignment.test.iPhonePrice"/>
</testsuite> <!-- assignment.test.iPhonePrice -->
